------------------------------------------------
Date: 29-Mar-2021:22:05:49 GMT-0300
Error: Error: insert into `tb_rel_client_address` (`id_address`, `id_client`) values (DEFAULT, DEFAULT) - Field 'id_address' doesn't have a default value at Error: insert into `tb_rel_client_address` (`id_address`, `id_client`) values (DEFAULT, DEFAULT) - Field 'id_address' doesn't have a default value
    at Packet.asError (F:\www\Jack\fruit\api\node_modules\mysql2\lib\packets\packet.js:712:17)
    at Query.execute (F:\www\Jack\fruit\api\node_modules\mysql2\lib\commands\command.js:28:26)
    at Connection.handlePacket (F:\www\Jack\fruit\api\node_modules\mysql2\lib\connection.js:425:32)
    at PacketParser.onPacket (F:\www\Jack\fruit\api\node_modules\mysql2\lib\connection.js:75:12)
    at PacketParser.executeStart (F:\www\Jack\fruit\api\node_modules\mysql2\lib\packet_parser.js:75:16)
    at Socket.<anonymous> (F:\www\Jack\fruit\api\node_modules\mysql2\lib\connection.js:82:25)
    at Socket.emit (events.js:315:20)
    at addChunk (internal/streams/readable.js:309:12)
    at readableAddChunk (internal/streams/readable.js:284:9)
    at Socket.Readable.push (internal/streams/readable.js:223:10)
------------------------------------------------
Date: 02-Apr-2021:14:26:25 GMT-0300
Error: Error: select `id_client` as `id`, `c`.`name`, `c`.`document`, `c`.`phone`, `c`.`created_at` as `createdAt`, `a`.`id` as `address.id`, `a`.`street` as `address.street`, `a`.`neighborhood` as `address.neighborhood`, `a`.`zipCode` as `address.zipCode`, `a`.`number` as `address.number`, `a`.`complement` as `address.complement`, `a`.`city` as `address.city` from `tb_client` as `c` inner join `tb_rel_client_address` as `ca` on `ca`.`id_client` = `c`.`id_client` inner join `tb_address` as `a` on `ca`.`id_address` = `a`.`id_address` where `c`.`id_client` = 0 limit 1 - Column 'id_client' in field list is ambiguous at Error: select `id_client` as `id`, `c`.`name`, `c`.`document`, `c`.`phone`, `c`.`created_at` as `createdAt`, `a`.`id` as `address.id`, `a`.`street` as `address.street`, `a`.`neighborhood` as `address.neighborhood`, `a`.`zipCode` as `address.zipCode`, `a`.`number` as `address.number`, `a`.`complement` as `address.complement`, `a`.`city` as `address.city` from `tb_client` as `c` inner join `tb_rel_client_address` as `ca` on `ca`.`id_client` = `c`.`id_client` inner join `tb_address` as `a` on `ca`.`id_address` = `a`.`id_address` where `c`.`id_client` = 0 limit 1 - Column 'id_client' in field list is ambiguous
    at Packet.asError (F:\www\Jack\fruit\api\node_modules\mysql2\lib\packets\packet.js:712:17)
    at Query.execute (F:\www\Jack\fruit\api\node_modules\mysql2\lib\commands\command.js:28:26)
    at Connection.handlePacket (F:\www\Jack\fruit\api\node_modules\mysql2\lib\connection.js:425:32)
    at PacketParser.onPacket (F:\www\Jack\fruit\api\node_modules\mysql2\lib\connection.js:75:12)
    at PacketParser.executeStart (F:\www\Jack\fruit\api\node_modules\mysql2\lib\packet_parser.js:75:16)
    at Socket.<anonymous> (F:\www\Jack\fruit\api\node_modules\mysql2\lib\connection.js:82:25)
    at Socket.emit (events.js:315:20)
    at addChunk (internal/streams/readable.js:309:12)
    at readableAddChunk (internal/streams/readable.js:284:9)
    at Socket.Readable.push (internal/streams/readable.js:223:10)
------------------------------------------------
Date: 02-Apr-2021:14:28:28 GMT-0300
Error: Error: select `c`.`id_client` as `id`, `c`.`name`, `c`.`document`, `c`.`phone`, `c`.`created_at` as `createdAt`, `a`.`id` as `address.id`, `a`.`street` as `address.street`, `a`.`neighborhood` as `address.neighborhood`, `a`.`zipCode` as `address.zipCode`, `a`.`number` as `address.number`, `a`.`complement` as `address.complement`, `a`.`city` as `address.city`, `a`.`id_state` as `address.state` from `tb_client` as `c` inner join `tb_rel_client_address` as `ca` on `ca`.`id_client` = `c`.`id_client` inner join `tb_address` as `a` on `ca`.`id_address` = `a`.`id_address` where `c`.`id_client` = 0 limit 1 - Unknown column 'a.id' in 'field list' at Error: select `c`.`id_client` as `id`, `c`.`name`, `c`.`document`, `c`.`phone`, `c`.`created_at` as `createdAt`, `a`.`id` as `address.id`, `a`.`street` as `address.street`, `a`.`neighborhood` as `address.neighborhood`, `a`.`zipCode` as `address.zipCode`, `a`.`number` as `address.number`, `a`.`complement` as `address.complement`, `a`.`city` as `address.city`, `a`.`id_state` as `address.state` from `tb_client` as `c` inner join `tb_rel_client_address` as `ca` on `ca`.`id_client` = `c`.`id_client` inner join `tb_address` as `a` on `ca`.`id_address` = `a`.`id_address` where `c`.`id_client` = 0 limit 1 - Unknown column 'a.id' in 'field list'
    at Packet.asError (F:\www\Jack\fruit\api\node_modules\mysql2\lib\packets\packet.js:712:17)
    at Query.execute (F:\www\Jack\fruit\api\node_modules\mysql2\lib\commands\command.js:28:26)
    at Connection.handlePacket (F:\www\Jack\fruit\api\node_modules\mysql2\lib\connection.js:425:32)
    at PacketParser.onPacket (F:\www\Jack\fruit\api\node_modules\mysql2\lib\connection.js:75:12)
    at PacketParser.executeStart (F:\www\Jack\fruit\api\node_modules\mysql2\lib\packet_parser.js:75:16)
    at Socket.<anonymous> (F:\www\Jack\fruit\api\node_modules\mysql2\lib\connection.js:82:25)
    at Socket.emit (events.js:315:20)
    at addChunk (internal/streams/readable.js:309:12)
    at readableAddChunk (internal/streams/readable.js:284:9)
    at Socket.Readable.push (internal/streams/readable.js:223:10)
------------------------------------------------
Date: 02-Apr-2021:14:29:36 GMT-0300
Error: Error: select `c`.`id_client` as `id`, `c`.`name`, `c`.`document`, `c`.`phone`, `c`.`created_at` as `createdAt`, `a`.`id_address` as `address.id`, `a`.`street` as `address.street`, `a`.`neighborhood` as `address.neighborhood`, `a`.`zipcode` as `address.zipCode`, `a`.`number` as `address.number`, `a`.`complement` as `address.complement`, `a`.`city` as `address.city`, `a`.`id_state` as `address.state` from `tb_client` as `c` inner join `tb_rel_client_address` as `ca` on `ca`.`id_client` = `c`.`id_client` inner join `tb_address` as `a` on `ca`.`id_address` = `a`.`id_address` where `c`.`id_client` = 0 limit 1 - Unknown column 'a.city' in 'field list' at Error: select `c`.`id_client` as `id`, `c`.`name`, `c`.`document`, `c`.`phone`, `c`.`created_at` as `createdAt`, `a`.`id_address` as `address.id`, `a`.`street` as `address.street`, `a`.`neighborhood` as `address.neighborhood`, `a`.`zipcode` as `address.zipCode`, `a`.`number` as `address.number`, `a`.`complement` as `address.complement`, `a`.`city` as `address.city`, `a`.`id_state` as `address.state` from `tb_client` as `c` inner join `tb_rel_client_address` as `ca` on `ca`.`id_client` = `c`.`id_client` inner join `tb_address` as `a` on `ca`.`id_address` = `a`.`id_address` where `c`.`id_client` = 0 limit 1 - Unknown column 'a.city' in 'field list'
    at Packet.asError (F:\www\Jack\fruit\api\node_modules\mysql2\lib\packets\packet.js:712:17)
    at Query.execute (F:\www\Jack\fruit\api\node_modules\mysql2\lib\commands\command.js:28:26)
    at Connection.handlePacket (F:\www\Jack\fruit\api\node_modules\mysql2\lib\connection.js:425:32)
    at PacketParser.onPacket (F:\www\Jack\fruit\api\node_modules\mysql2\lib\connection.js:75:12)
    at PacketParser.executeStart (F:\www\Jack\fruit\api\node_modules\mysql2\lib\packet_parser.js:75:16)
    at Socket.<anonymous> (F:\www\Jack\fruit\api\node_modules\mysql2\lib\connection.js:82:25)
    at Socket.emit (events.js:315:20)
    at addChunk (internal/streams/readable.js:309:12)
    at readableAddChunk (internal/streams/readable.js:284:9)
    at Socket.Readable.push (internal/streams/readable.js:223:10)
------------------------------------------------
Date: 02-Apr-2021:14:33:44 GMT-0300
Error: Error: Undefined binding(s) detected when compiling UPDATE. Undefined column(s): [id_client] query: update `tb_client` set `document` = ?, `name` = ?, `phone` = ? where `id_client` = ? at Error: Undefined binding(s) detected when compiling UPDATE. Undefined column(s): [id_client] query: update `tb_client` set `document` = ?, `name` = ?, `phone` = ? where `id_client` = ?
    at QueryCompiler_MySQL.toSQL (F:\www\Jack\fruit\api\node_modules\knex\lib\query\querycompiler.js:110:13)
    at Builder.toSQL (F:\www\Jack\fruit\api\node_modules\knex\lib\query\querybuilder.js:78:44)
    at ensureConnectionCallback (F:\www\Jack\fruit\api\node_modules\knex\lib\execution\internal\ensure-connection-callback.js:4:30)
    at Runner.ensureConnection (F:\www\Jack\fruit\api\node_modules\knex\lib\execution\runner.js:272:20)
    at processTicksAndRejections (internal/process/task_queues.js:93:5)
    at Runner.run (F:\www\Jack\fruit\api\node_modules\knex\lib\execution\runner.js:30:19)
    at DbUpdateClient.update (F:\www\Jack\fruit\api\src\data\usecases\db-update-client.ts:23:5)
    at UpdateClientController.handle (F:\www\Jack\fruit\api\src\presentation\controllers\update-client-controller.ts:13:22)
    at F:\www\Jack\fruit\api\src\main\adapters\adaptRoute.ts:13:26
------------------------------------------------
Date: 02-Apr-2021:14:36:24 GMT-0300
Error: Error: Undefined binding(s) detected when compiling UPDATE. Undefined column(s): [id_client] query: update `tb_client` set `document` = ?, `name` = ?, `phone` = ? where `id_client` = ? at Error: Undefined binding(s) detected when compiling UPDATE. Undefined column(s): [id_client] query: update `tb_client` set `document` = ?, `name` = ?, `phone` = ? where `id_client` = ?
    at QueryCompiler_MySQL.toSQL (F:\www\Jack\fruit\api\node_modules\knex\lib\query\querycompiler.js:110:13)
    at Builder.toSQL (F:\www\Jack\fruit\api\node_modules\knex\lib\query\querybuilder.js:78:44)
    at ensureConnectionCallback (F:\www\Jack\fruit\api\node_modules\knex\lib\execution\internal\ensure-connection-callback.js:4:30)
    at Runner.ensureConnection (F:\www\Jack\fruit\api\node_modules\knex\lib\execution\runner.js:272:20)
    at processTicksAndRejections (internal/process/task_queues.js:93:5)
    at Runner.run (F:\www\Jack\fruit\api\node_modules\knex\lib\execution\runner.js:30:19)
    at DbUpdateClient.update (F:\www\Jack\fruit\api\src\data\usecases\db-update-client.ts:23:5)
    at UpdateClientController.handle (F:\www\Jack\fruit\api\src\presentation\controllers\update-client-controller.ts:13:22)
    at F:\www\Jack\fruit\api\src\main\adapters\adaptRoute.ts:13:26
------------------------------------------------
Date: 02-Apr-2021:15:16:24 GMT-0300
Error: TypeError: Cannot read property 'zipCode' of undefined at TypeError: Cannot read property 'zipCode' of undefined
    at AddressRepository.update (F:\www\Jack\fruit\api\src\infra\db\mysql\address-repository.ts:26:25)
    at DbUpdateClient.update (F:\www\Jack\fruit\api\src\data\usecases\db-update-client.ts:32:40)
    at processTicksAndRejections (internal/process/task_queues.js:93:5)
    at UpdateClientController.handle (F:\www\Jack\fruit\api\src\presentation\controllers\update-client-controller.ts:13:22)
    at F:\www\Jack\fruit\api\src\main\adapters\adaptRoute.ts:13:26
------------------------------------------------
Date: 07-Apr-2021:21:24:48 GMT-0300
Error: Error: insert into `tb_product` (`id_product_type`, `id_product_unit`, `image`, `name`, `value`) values (1, 1, DEFAULT, 'Laranja', 2.5) - Field 'image' doesn't have a default value at Error: insert into `tb_product` (`id_product_type`, `id_product_unit`, `image`, `name`, `value`) values (1, 1, DEFAULT, 'Laranja', 2.5) - Field 'image' doesn't have a default value
    at Packet.asError (F:\www\Jack\fruit\api\node_modules\mysql2\lib\packets\packet.js:712:17)
    at Query.execute (F:\www\Jack\fruit\api\node_modules\mysql2\lib\commands\command.js:28:26)
    at Connection.handlePacket (F:\www\Jack\fruit\api\node_modules\mysql2\lib\connection.js:425:32)
    at PacketParser.onPacket (F:\www\Jack\fruit\api\node_modules\mysql2\lib\connection.js:75:12)
    at PacketParser.executeStart (F:\www\Jack\fruit\api\node_modules\mysql2\lib\packet_parser.js:75:16)
    at Socket.<anonymous> (F:\www\Jack\fruit\api\node_modules\mysql2\lib\connection.js:82:25)
    at Socket.emit (events.js:315:20)
    at addChunk (internal/streams/readable.js:309:12)
    at readableAddChunk (internal/streams/readable.js:284:9)
    at Socket.Readable.push (internal/streams/readable.js:223:10)
------------------------------------------------
Date: 07-Apr-2021:21:29:13 GMT-0300
Error: Error: insert into `tb_product` (`id_product_type`, `id_product_unit`, `image`, `name`, `value`) values ('1', '1', DEFAULT, 'Laranja', '2.5') - Field 'image' doesn't have a default value at Error: insert into `tb_product` (`id_product_type`, `id_product_unit`, `image`, `name`, `value`) values ('1', '1', DEFAULT, 'Laranja', '2.5') - Field 'image' doesn't have a default value
    at Packet.asError (F:\www\Jack\fruit\api\node_modules\mysql2\lib\packets\packet.js:712:17)
    at Query.execute (F:\www\Jack\fruit\api\node_modules\mysql2\lib\commands\command.js:28:26)
    at Connection.handlePacket (F:\www\Jack\fruit\api\node_modules\mysql2\lib\connection.js:425:32)
    at PacketParser.onPacket (F:\www\Jack\fruit\api\node_modules\mysql2\lib\connection.js:75:12)
    at PacketParser.executeStart (F:\www\Jack\fruit\api\node_modules\mysql2\lib\packet_parser.js:75:16)
    at Socket.<anonymous> (F:\www\Jack\fruit\api\node_modules\mysql2\lib\connection.js:82:25)
    at Socket.emit (events.js:315:20)
    at addChunk (internal/streams/readable.js:309:12)
    at readableAddChunk (internal/streams/readable.js:284:9)
    at Socket.Readable.push (internal/streams/readable.js:223:10)
------------------------------------------------
Date: 07-Apr-2021:21:30:26 GMT-0300
Error: Error: insert into `tb_product` (`id_product_type`, `id_product_unit`, `image`, `name`, `value`) values ('1', '1', DEFAULT, 'Laranja', '2.5') - Field 'image' doesn't have a default value at Error: insert into `tb_product` (`id_product_type`, `id_product_unit`, `image`, `name`, `value`) values ('1', '1', DEFAULT, 'Laranja', '2.5') - Field 'image' doesn't have a default value
    at Packet.asError (F:\www\Jack\fruit\api\node_modules\mysql2\lib\packets\packet.js:712:17)
    at Query.execute (F:\www\Jack\fruit\api\node_modules\mysql2\lib\commands\command.js:28:26)
    at Connection.handlePacket (F:\www\Jack\fruit\api\node_modules\mysql2\lib\connection.js:425:32)
    at PacketParser.onPacket (F:\www\Jack\fruit\api\node_modules\mysql2\lib\connection.js:75:12)
    at PacketParser.executeStart (F:\www\Jack\fruit\api\node_modules\mysql2\lib\packet_parser.js:75:16)
    at Socket.<anonymous> (F:\www\Jack\fruit\api\node_modules\mysql2\lib\connection.js:82:25)
    at Socket.emit (events.js:315:20)
    at addChunk (internal/streams/readable.js:309:12)
    at readableAddChunk (internal/streams/readable.js:284:9)
    at Socket.Readable.push (internal/streams/readable.js:223:10)
------------------------------------------------
Date: 07-Apr-2021:21:50:35 GMT-0300
Error: Error: select `prod`.`id_product` as `id`, `prod`.`name`, `prod`.`value`, `type`.`type`, `unit`.`unit_abbreviation`, `prod`.`createdAt` from `tb_product` as `prod` inner join `tb_product_type` as `type` on `type`.`id_product_type` = `prod`.`id_product_type` inner join `tb_product_unit` as `unit` on `unit`.`id_product_unit` = `prod`.`id_product_unit` - Unknown column 'prod.createdAt' in 'field list' at Error: select `prod`.`id_product` as `id`, `prod`.`name`, `prod`.`value`, `type`.`type`, `unit`.`unit_abbreviation`, `prod`.`createdAt` from `tb_product` as `prod` inner join `tb_product_type` as `type` on `type`.`id_product_type` = `prod`.`id_product_type` inner join `tb_product_unit` as `unit` on `unit`.`id_product_unit` = `prod`.`id_product_unit` - Unknown column 'prod.createdAt' in 'field list'
    at Packet.asError (F:\www\Jack\fruit\api\node_modules\mysql2\lib\packets\packet.js:712:17)
    at Query.execute (F:\www\Jack\fruit\api\node_modules\mysql2\lib\commands\command.js:28:26)
    at Connection.handlePacket (F:\www\Jack\fruit\api\node_modules\mysql2\lib\connection.js:425:32)
    at PacketParser.onPacket (F:\www\Jack\fruit\api\node_modules\mysql2\lib\connection.js:75:12)
    at PacketParser.executeStart (F:\www\Jack\fruit\api\node_modules\mysql2\lib\packet_parser.js:75:16)
    at Socket.<anonymous> (F:\www\Jack\fruit\api\node_modules\mysql2\lib\connection.js:82:25)
    at Socket.emit (events.js:315:20)
    at addChunk (internal/streams/readable.js:309:12)
    at readableAddChunk (internal/streams/readable.js:284:9)
    at Socket.Readable.push (internal/streams/readable.js:223:10)
------------------------------------------------
Date: 08-Apr-2021:21:04:58 GMT-0300
Error: TypeError: Cannot destructure property 'filename' of 'httpRequest.file' as it is undefined. at TypeError: Cannot destructure property 'filename' of 'httpRequest.file' as it is undefined.
    at UpdateProductsController.handle (F:\www\Jack\fruit\api\src\presentation\controllers\update-product-controller.ts:13:15)
    at F:\www\Jack\fruit\api\src\main\adapters\adaptRoute.ts:15:43
    at Layer.handle [as handle_request] (F:\www\Jack\fruit\api\node_modules\express\lib\router\layer.js:95:5)
    at next (F:\www\Jack\fruit\api\node_modules\express\lib\router\route.js:137:13)
    at F:\www\Jack\fruit\api\src\main\adapters\adaptValidator.ts:17:14
    at processTicksAndRejections (internal/process/task_queues.js:93:5)
------------------------------------------------
Date: 08-Apr-2021:21:06:59 GMT-0300
Error: TypeError: Cannot destructure property 'filename' of '(intermediate value)(intermediate value)(intermediate value)' as it is undefined. at TypeError: Cannot destructure property 'filename' of '(intermediate value)(intermediate value)(intermediate value)' as it is undefined.
    at UpdateProductsController.handle (F:\www\Jack\fruit\api\src\presentation\controllers\update-product-controller.ts:13:15)
    at F:\www\Jack\fruit\api\src\main\adapters\adaptRoute.ts:15:43
    at Layer.handle [as handle_request] (F:\www\Jack\fruit\api\node_modules\express\lib\router\layer.js:95:5)
    at next (F:\www\Jack\fruit\api\node_modules\express\lib\router\route.js:137:13)
    at F:\www\Jack\fruit\api\src\main\adapters\adaptValidator.ts:17:14
    at processTicksAndRejections (internal/process/task_queues.js:93:5)
------------------------------------------------
Date: 08-Apr-2021:21:07:04 GMT-0300
Error: TypeError: Cannot destructure property 'filename' of '(intermediate value)(intermediate value)(intermediate value)' as it is undefined. at TypeError: Cannot destructure property 'filename' of '(intermediate value)(intermediate value)(intermediate value)' as it is undefined.
    at UpdateProductsController.handle (F:\www\Jack\fruit\api\src\presentation\controllers\update-product-controller.ts:13:15)
    at F:\www\Jack\fruit\api\src\main\adapters\adaptRoute.ts:15:43
    at Layer.handle [as handle_request] (F:\www\Jack\fruit\api\node_modules\express\lib\router\layer.js:95:5)
    at next (F:\www\Jack\fruit\api\node_modules\express\lib\router\route.js:137:13)
    at F:\www\Jack\fruit\api\src\main\adapters\adaptValidator.ts:17:14
    at processTicksAndRejections (internal/process/task_queues.js:93:5)
------------------------------------------------
Date: 08-Apr-2021:21:08:26 GMT-0300
Error: Error: update `tb_product` set `name` = 'Laranja', `productType` = '1', `productUnit` = '1', `value` = '1.5', `id_product_type` = '1', `id_product_unit` = '1' where `id_product` = 2 - Unknown column 'productType' in 'field list' at Error: update `tb_product` set `name` = 'Laranja', `productType` = '1', `productUnit` = '1', `value` = '1.5', `id_product_type` = '1', `id_product_unit` = '1' where `id_product` = 2 - Unknown column 'productType' in 'field list'
    at Packet.asError (F:\www\Jack\fruit\api\node_modules\mysql2\lib\packets\packet.js:712:17)
    at Query.execute (F:\www\Jack\fruit\api\node_modules\mysql2\lib\commands\command.js:28:26)
    at Connection.handlePacket (F:\www\Jack\fruit\api\node_modules\mysql2\lib\connection.js:425:32)
    at PacketParser.onPacket (F:\www\Jack\fruit\api\node_modules\mysql2\lib\connection.js:75:12)
    at PacketParser.executeStart (F:\www\Jack\fruit\api\node_modules\mysql2\lib\packet_parser.js:75:16)
    at Socket.<anonymous> (F:\www\Jack\fruit\api\node_modules\mysql2\lib\connection.js:82:25)
    at Socket.emit (events.js:315:20)
    at addChunk (internal/streams/readable.js:309:12)
    at readableAddChunk (internal/streams/readable.js:284:9)
    at Socket.Readable.push (internal/streams/readable.js:223:10)
------------------------------------------------
Date: 08-Apr-2021:21:09:03 GMT-0300
Error: Error: update `tb_product` set `name` = 'Laranja', `productType` = '1', `productUnit` = '1', `value` = '1.5', `id_product_type` = '1', `id_product_unit` = '1' where `id_product` = 2 - Unknown column 'productType' in 'field list' at Error: update `tb_product` set `name` = 'Laranja', `productType` = '1', `productUnit` = '1', `value` = '1.5', `id_product_type` = '1', `id_product_unit` = '1' where `id_product` = 2 - Unknown column 'productType' in 'field list'
    at Packet.asError (F:\www\Jack\fruit\api\node_modules\mysql2\lib\packets\packet.js:712:17)
    at Query.execute (F:\www\Jack\fruit\api\node_modules\mysql2\lib\commands\command.js:28:26)
    at Connection.handlePacket (F:\www\Jack\fruit\api\node_modules\mysql2\lib\connection.js:425:32)
    at PacketParser.onPacket (F:\www\Jack\fruit\api\node_modules\mysql2\lib\connection.js:75:12)
    at PacketParser.executeStart (F:\www\Jack\fruit\api\node_modules\mysql2\lib\packet_parser.js:75:16)
    at Socket.<anonymous> (F:\www\Jack\fruit\api\node_modules\mysql2\lib\connection.js:82:25)
    at Socket.emit (events.js:315:20)
    at addChunk (internal/streams/readable.js:309:12)
    at readableAddChunk (internal/streams/readable.js:284:9)
    at Socket.Readable.push (internal/streams/readable.js:223:10)
------------------------------------------------
Date: 08-Apr-2021:21:23:00 GMT-0300
Error: undefined: undefined at undefined
------------------------------------------------
Date: 08-Apr-2021:21:24:48 GMT-0300
Error: undefined: undefined at undefined
------------------------------------------------
Date: 08-Apr-2021:21:55:36 GMT-0300
Error: Error: insert into `tb_payment_type` (`type`) values ('Pix') - Field 'id_payment_type' doesn't have a default value at Error: insert into `tb_payment_type` (`type`) values ('Pix') - Field 'id_payment_type' doesn't have a default value
    at Packet.asError (F:\www\Jack\fruit\api\node_modules\mysql2\lib\packets\packet.js:712:17)
    at Query.execute (F:\www\Jack\fruit\api\node_modules\mysql2\lib\commands\command.js:28:26)
    at Connection.handlePacket (F:\www\Jack\fruit\api\node_modules\mysql2\lib\connection.js:425:32)
    at PacketParser.onPacket (F:\www\Jack\fruit\api\node_modules\mysql2\lib\connection.js:75:12)
    at PacketParser.executeStart (F:\www\Jack\fruit\api\node_modules\mysql2\lib\packet_parser.js:75:16)
    at Socket.<anonymous> (F:\www\Jack\fruit\api\node_modules\mysql2\lib\connection.js:82:25)
    at Socket.emit (events.js:315:20)
    at addChunk (internal/streams/readable.js:309:12)
    at readableAddChunk (internal/streams/readable.js:284:9)
    at Socket.Readable.push (internal/streams/readable.js:223:10)
------------------------------------------------
Date: 10-Apr-2021:12:16:18 GMT-0300
Error: Error: insert into `tb_expenditure_type` (`type`) values ('Estacionamento') - Field 'id_expenditure_type' doesn't have a default value at Error: insert into `tb_expenditure_type` (`type`) values ('Estacionamento') - Field 'id_expenditure_type' doesn't have a default value
    at Packet.asError (F:\www\Jack\fruit\api\node_modules\mysql2\lib\packets\packet.js:712:17)
    at Query.execute (F:\www\Jack\fruit\api\node_modules\mysql2\lib\commands\command.js:28:26)
    at Connection.handlePacket (F:\www\Jack\fruit\api\node_modules\mysql2\lib\connection.js:425:32)
    at PacketParser.onPacket (F:\www\Jack\fruit\api\node_modules\mysql2\lib\connection.js:75:12)
    at PacketParser.executeStart (F:\www\Jack\fruit\api\node_modules\mysql2\lib\packet_parser.js:75:16)
    at Socket.<anonymous> (F:\www\Jack\fruit\api\node_modules\mysql2\lib\connection.js:82:25)
    at Socket.emit (events.js:315:20)
    at addChunk (internal/streams/readable.js:309:12)
    at readableAddChunk (internal/streams/readable.js:284:9)
    at Socket.Readable.push (internal/streams/readable.js:223:10)
------------------------------------------------
Date: 13-Apr-2021:20:11:30 GMT-0300
Error: Error: TOKEN_NOT_FOUND at Error: TOKEN_NOT_FOUND
    at DbAuthenticationToken.auth (F:\www\Jack\fruit\api\src\data\usecases\db-authentication-token.ts:15:13)
    at AuthMiddleware.handle (F:\www\Jack\fruit\api\src\presentation\middleware\auth-middleware.ts:13:51)
    at F:\www\Jack\fruit\api\src\main\adapters\adaptMiddleware.ts:11:43
    at Layer.handle [as handle_request] (F:\www\Jack\fruit\api\node_modules\express\lib\router\layer.js:95:5)
    at trim_prefix (F:\www\Jack\fruit\api\node_modules\express\lib\router\index.js:317:13)
    at F:\www\Jack\fruit\api\node_modules\express\lib\router\index.js:284:7
    at Function.process_params (F:\www\Jack\fruit\api\node_modules\express\lib\router\index.js:335:12)
    at next (F:\www\Jack\fruit\api\node_modules\express\lib\router\index.js:275:10)
    at F:\www\Jack\fruit\api\node_modules\express\lib\router\index.js:635:15
    at next (F:\www\Jack\fruit\api\node_modules\express\lib\router\index.js:260:14)
------------------------------------------------
Date: 13-Apr-2021:20:12:15 GMT-0300
Error: Error: TOKEN_NOT_FOUND at Error: TOKEN_NOT_FOUND
    at DbAuthenticationToken.auth (F:\www\Jack\fruit\api\src\data\usecases\db-authentication-token.ts:15:13)
    at AuthMiddleware.handle (F:\www\Jack\fruit\api\src\presentation\middleware\auth-middleware.ts:13:51)
    at F:\www\Jack\fruit\api\src\main\adapters\adaptMiddleware.ts:11:43
    at Layer.handle [as handle_request] (F:\www\Jack\fruit\api\node_modules\express\lib\router\layer.js:95:5)
    at trim_prefix (F:\www\Jack\fruit\api\node_modules\express\lib\router\index.js:317:13)
    at F:\www\Jack\fruit\api\node_modules\express\lib\router\index.js:284:7
    at Function.process_params (F:\www\Jack\fruit\api\node_modules\express\lib\router\index.js:335:12)
    at next (F:\www\Jack\fruit\api\node_modules\express\lib\router\index.js:275:10)
    at F:\www\Jack\fruit\api\node_modules\express\lib\router\index.js:635:15
    at next (F:\www\Jack\fruit\api\node_modules\express\lib\router\index.js:260:14)
------------------------------------------------
Date: 13-Apr-2021:21:12:53 GMT-0300
Error: Error: insert into `tb_expenditure` (`id_company`, `id_expenditure_type`, `name`, `value`) values (DEFAULT, 1, 'Parada para descarregar material', 15.5) - Field 'id_company' doesn't have a default value at Error: insert into `tb_expenditure` (`id_company`, `id_expenditure_type`, `name`, `value`) values (DEFAULT, 1, 'Parada para descarregar material', 15.5) - Field 'id_company' doesn't have a default value
    at Packet.asError (F:\www\Jack\fruit\api\node_modules\mysql2\lib\packets\packet.js:712:17)
    at Query.execute (F:\www\Jack\fruit\api\node_modules\mysql2\lib\commands\command.js:28:26)
    at Connection.handlePacket (F:\www\Jack\fruit\api\node_modules\mysql2\lib\connection.js:425:32)
    at PacketParser.onPacket (F:\www\Jack\fruit\api\node_modules\mysql2\lib\connection.js:75:12)
    at PacketParser.executeStart (F:\www\Jack\fruit\api\node_modules\mysql2\lib\packet_parser.js:75:16)
    at Socket.<anonymous> (F:\www\Jack\fruit\api\node_modules\mysql2\lib\connection.js:82:25)
    at Socket.emit (events.js:315:20)
    at addChunk (internal/streams/readable.js:309:12)
    at readableAddChunk (internal/streams/readable.js:284:9)
    at Socket.Readable.push (internal/streams/readable.js:223:10)
------------------------------------------------
Date: 13-Apr-2021:21:15:21 GMT-0300
Error: Error: insert into `tb_expenditure` (`id_company`, `id_expenditure_type`, `name`, `value`) values (DEFAULT, 1, 'Parada para descarregar material', 15.5) - Field 'id_company' doesn't have a default value at Error: insert into `tb_expenditure` (`id_company`, `id_expenditure_type`, `name`, `value`) values (DEFAULT, 1, 'Parada para descarregar material', 15.5) - Field 'id_company' doesn't have a default value
    at Packet.asError (F:\www\Jack\fruit\api\node_modules\mysql2\lib\packets\packet.js:712:17)
    at Query.execute (F:\www\Jack\fruit\api\node_modules\mysql2\lib\commands\command.js:28:26)
    at Connection.handlePacket (F:\www\Jack\fruit\api\node_modules\mysql2\lib\connection.js:425:32)
    at PacketParser.onPacket (F:\www\Jack\fruit\api\node_modules\mysql2\lib\connection.js:75:12)
    at PacketParser.executeStart (F:\www\Jack\fruit\api\node_modules\mysql2\lib\packet_parser.js:75:16)
    at Socket.<anonymous> (F:\www\Jack\fruit\api\node_modules\mysql2\lib\connection.js:82:25)
    at Socket.emit (events.js:315:20)
    at addChunk (internal/streams/readable.js:309:12)
    at readableAddChunk (internal/streams/readable.js:284:9)
    at Socket.Readable.push (internal/streams/readable.js:223:10)
------------------------------------------------
Date: 15-Apr-2021:20:14:07 GMT-0300
Error: Error: TOKEN_NOT_FOUND at Error: TOKEN_NOT_FOUND
    at DbAuthenticationToken.auth (F:\www\Jack\fruit\api\src\data\usecases\db-authentication-token.ts:15:13)
    at AuthMiddleware.handle (F:\www\Jack\fruit\api\src\presentation\middleware\auth-middleware.ts:13:51)
    at F:\www\Jack\fruit\api\src\main\adapters\adaptMiddleware.ts:11:43
    at Layer.handle [as handle_request] (F:\www\Jack\fruit\api\node_modules\express\lib\router\layer.js:95:5)
    at trim_prefix (F:\www\Jack\fruit\api\node_modules\express\lib\router\index.js:317:13)
    at F:\www\Jack\fruit\api\node_modules\express\lib\router\index.js:284:7
    at Function.process_params (F:\www\Jack\fruit\api\node_modules\express\lib\router\index.js:335:12)
    at next (F:\www\Jack\fruit\api\node_modules\express\lib\router\index.js:275:10)
    at F:\www\Jack\fruit\api\node_modules\express\lib\router\index.js:635:15
    at next (F:\www\Jack\fruit\api\node_modules\express\lib\router\index.js:260:14)
------------------------------------------------
Date: 15-Apr-2021:20:21:39 GMT-0300
Error: Error: TOKEN_NOT_FOUND at Error: TOKEN_NOT_FOUND
    at DbAuthenticationToken.auth (F:\www\Jack\fruit\api\src\data\usecases\db-authentication-token.ts:15:13)
    at AuthMiddleware.handle (F:\www\Jack\fruit\api\src\presentation\middleware\auth-middleware.ts:13:51)
    at F:\www\Jack\fruit\api\src\main\adapters\adaptMiddleware.ts:11:43
    at Layer.handle [as handle_request] (F:\www\Jack\fruit\api\node_modules\express\lib\router\layer.js:95:5)
    at trim_prefix (F:\www\Jack\fruit\api\node_modules\express\lib\router\index.js:317:13)
    at F:\www\Jack\fruit\api\node_modules\express\lib\router\index.js:284:7
    at Function.process_params (F:\www\Jack\fruit\api\node_modules\express\lib\router\index.js:335:12)
    at next (F:\www\Jack\fruit\api\node_modules\express\lib\router\index.js:275:10)
    at F:\www\Jack\fruit\api\node_modules\express\lib\router\index.js:635:15
    at next (F:\www\Jack\fruit\api\node_modules\express\lib\router\index.js:260:14)
------------------------------------------------
Date: 27-Apr-2021:20:06:15 GMT-0300
Error: Error: TOKEN_NOT_FOUND at Error: TOKEN_NOT_FOUND
    at DbAuthenticationToken.auth (F:\www\Jack\fruit\api\src\data\usecases\db-authentication-token.ts:15:13)
    at AuthMiddleware.handle (F:\www\Jack\fruit\api\src\presentation\middleware\auth-middleware.ts:13:51)
    at F:\www\Jack\fruit\api\src\main\adapters\adaptMiddleware.ts:11:43
    at Layer.handle [as handle_request] (F:\www\Jack\fruit\api\node_modules\express\lib\router\layer.js:95:5)
    at trim_prefix (F:\www\Jack\fruit\api\node_modules\express\lib\router\index.js:317:13)
    at F:\www\Jack\fruit\api\node_modules\express\lib\router\index.js:284:7
    at Function.process_params (F:\www\Jack\fruit\api\node_modules\express\lib\router\index.js:335:12)
    at next (F:\www\Jack\fruit\api\node_modules\express\lib\router\index.js:275:10)
    at urlencodedParser (F:\www\Jack\fruit\api\node_modules\body-parser\lib\types\urlencoded.js:91:7)
    at Layer.handle [as handle_request] (F:\www\Jack\fruit\api\node_modules\express\lib\router\layer.js:95:5)
------------------------------------------------
Date: 27-Apr-2021:20:28:30 GMT-0300
Error: TypeError: Cannot read property 'countAll' of undefined at TypeError: Cannot read property 'countAll' of undefined
    at DbListAllProducts.list (F:\www\Jack\fruit\api\src\data\usecases\db-list-all-products.ts:20:57)
    at processTicksAndRejections (internal/process/task_queues.js:93:5)
    at ListAllProductsController.handle (F:\www\Jack\fruit\api\src\presentation\controllers\list-all-products-controller.ts:12:21)
    at F:\www\Jack\fruit\api\src\main\adapters\adaptRoute.ts:16:26
------------------------------------------------
Date: 27-Apr-2021:20:28:38 GMT-0300
Error: TypeError: Cannot read property 'countAll' of undefined at TypeError: Cannot read property 'countAll' of undefined
    at DbListAllProducts.list (F:\www\Jack\fruit\api\src\data\usecases\db-list-all-products.ts:20:57)
    at processTicksAndRejections (internal/process/task_queues.js:93:5)
    at ListAllProductsController.handle (F:\www\Jack\fruit\api\src\presentation\controllers\list-all-products-controller.ts:12:21)
    at F:\www\Jack\fruit\api\src\main\adapters\adaptRoute.ts:16:26
------------------------------------------------
Date: 27-Apr-2021:22:22:09 GMT-0300
Error: Error: TOKEN_NOT_FOUND at Error: TOKEN_NOT_FOUND
    at DbAuthenticationToken.auth (F:\www\Jack\fruit\api\src\data\usecases\db-authentication-token.ts:15:13)
    at AuthMiddleware.handle (F:\www\Jack\fruit\api\src\presentation\middleware\auth-middleware.ts:13:51)
    at F:\www\Jack\fruit\api\src\main\adapters\adaptMiddleware.ts:11:43
    at Layer.handle [as handle_request] (F:\www\Jack\fruit\api\node_modules\express\lib\router\layer.js:95:5)
    at trim_prefix (F:\www\Jack\fruit\api\node_modules\express\lib\router\index.js:317:13)
    at F:\www\Jack\fruit\api\node_modules\express\lib\router\index.js:284:7
    at Function.process_params (F:\www\Jack\fruit\api\node_modules\express\lib\router\index.js:335:12)
    at next (F:\www\Jack\fruit\api\node_modules\express\lib\router\index.js:275:10)
    at F:\www\Jack\fruit\api\node_modules\express\lib\router\index.js:635:15
    at next (F:\www\Jack\fruit\api\node_modules\express\lib\router\index.js:260:14)
------------------------------------------------
Date: 27-Apr-2021:22:25:29 GMT-0300
Error: Error: The query is empty at Error: The query is empty
    at Client_MySQL2._query (F:\www\Jack\fruit\api\node_modules\knex\lib\dialects\mysql\index.js:118:25)
    at executeQuery (F:\www\Jack\fruit\api\node_modules\knex\lib\execution\internal\query-executioner.js:37:17)
    at Client_MySQL2.query (F:\www\Jack\fruit\api\node_modules\knex\lib\client.js:134:12)
    at Runner.query (F:\www\Jack\fruit\api\node_modules\knex\lib\execution\runner.js:130:36)
    at ensureConnectionCallback (F:\www\Jack\fruit\api\node_modules\knex\lib\execution\internal\ensure-connection-callback.js:13:17)
    at Runner.ensureConnection (F:\www\Jack\fruit\api\node_modules\knex\lib\execution\runner.js:272:20)
    at processTicksAndRejections (internal/process/task_queues.js:93:5)
    at Runner.run (F:\www\Jack\fruit\api\node_modules\knex\lib\execution\runner.js:30:19)
    at DbAddPurchase.create (F:\www\Jack\fruit\api\src\data\usecases\db-add-purchase.ts:69:5)
    at AddPurchaseController.handle (F:\www\Jack\fruit\api\src\presentation\controllers\add-purchase-controller.ts:11:24)
------------------------------------------------
Date: 10-May-2021:00:48:08 GMT-0300
Error: Error: TOKEN_NOT_FOUND at Error: TOKEN_NOT_FOUND
    at DbAuthenticationToken.auth (F:\www\Jack\fruit\api\src\data\usecases\db-authentication-token.ts:15:13)
    at AuthMiddleware.handle (F:\www\Jack\fruit\api\src\presentation\middleware\auth-middleware.ts:13:51)
    at F:\www\Jack\fruit\api\src\main\adapters\adaptMiddleware.ts:11:43
    at Layer.handle [as handle_request] (F:\www\Jack\fruit\api\node_modules\express\lib\router\layer.js:95:5)
    at trim_prefix (F:\www\Jack\fruit\api\node_modules\express\lib\router\index.js:317:13)
    at F:\www\Jack\fruit\api\node_modules\express\lib\router\index.js:284:7
    at Function.process_params (F:\www\Jack\fruit\api\node_modules\express\lib\router\index.js:335:12)
    at next (F:\www\Jack\fruit\api\node_modules\express\lib\router\index.js:275:10)
    at urlencodedParser (F:\www\Jack\fruit\api\node_modules\body-parser\lib\types\urlencoded.js:82:7)
    at Layer.handle [as handle_request] (F:\www\Jack\fruit\api\node_modules\express\lib\router\layer.js:95:5)
------------------------------------------------
Date: 10-May-2021:00:49:41 GMT-0300
Error: Error: TOKEN_NOT_FOUND at Error: TOKEN_NOT_FOUND
    at DbAuthenticationToken.auth (F:\www\Jack\fruit\api\src\data\usecases\db-authentication-token.ts:15:13)
    at AuthMiddleware.handle (F:\www\Jack\fruit\api\src\presentation\middleware\auth-middleware.ts:13:51)
    at F:\www\Jack\fruit\api\src\main\adapters\adaptMiddleware.ts:11:43
    at Layer.handle [as handle_request] (F:\www\Jack\fruit\api\node_modules\express\lib\router\layer.js:95:5)
    at trim_prefix (F:\www\Jack\fruit\api\node_modules\express\lib\router\index.js:317:13)
    at F:\www\Jack\fruit\api\node_modules\express\lib\router\index.js:284:7
    at Function.process_params (F:\www\Jack\fruit\api\node_modules\express\lib\router\index.js:335:12)
    at next (F:\www\Jack\fruit\api\node_modules\express\lib\router\index.js:275:10)
    at urlencodedParser (F:\www\Jack\fruit\api\node_modules\body-parser\lib\types\urlencoded.js:82:7)
    at Layer.handle [as handle_request] (F:\www\Jack\fruit\api\node_modules\express\lib\router\layer.js:95:5)
------------------------------------------------
Date: 10-May-2021:00:50:08 GMT-0300
Error: Error: TOKEN_NOT_FOUND at Error: TOKEN_NOT_FOUND
    at DbAuthenticationToken.auth (F:\www\Jack\fruit\api\src\data\usecases\db-authentication-token.ts:15:13)
    at AuthMiddleware.handle (F:\www\Jack\fruit\api\src\presentation\middleware\auth-middleware.ts:13:51)
    at F:\www\Jack\fruit\api\src\main\adapters\adaptMiddleware.ts:11:43
    at Layer.handle [as handle_request] (F:\www\Jack\fruit\api\node_modules\express\lib\router\layer.js:95:5)
    at trim_prefix (F:\www\Jack\fruit\api\node_modules\express\lib\router\index.js:317:13)
    at F:\www\Jack\fruit\api\node_modules\express\lib\router\index.js:284:7
    at Function.process_params (F:\www\Jack\fruit\api\node_modules\express\lib\router\index.js:335:12)
    at next (F:\www\Jack\fruit\api\node_modules\express\lib\router\index.js:275:10)
    at urlencodedParser (F:\www\Jack\fruit\api\node_modules\body-parser\lib\types\urlencoded.js:82:7)
    at Layer.handle [as handle_request] (F:\www\Jack\fruit\api\node_modules\express\lib\router\layer.js:95:5)
------------------------------------------------
Date: 10-May-2021:00:50:16 GMT-0300
Error: Error: TOKEN_NOT_FOUND at Error: TOKEN_NOT_FOUND
    at DbAuthenticationToken.auth (F:\www\Jack\fruit\api\src\data\usecases\db-authentication-token.ts:15:13)
    at AuthMiddleware.handle (F:\www\Jack\fruit\api\src\presentation\middleware\auth-middleware.ts:13:51)
    at F:\www\Jack\fruit\api\src\main\adapters\adaptMiddleware.ts:11:43
    at Layer.handle [as handle_request] (F:\www\Jack\fruit\api\node_modules\express\lib\router\layer.js:95:5)
    at trim_prefix (F:\www\Jack\fruit\api\node_modules\express\lib\router\index.js:317:13)
    at F:\www\Jack\fruit\api\node_modules\express\lib\router\index.js:284:7
    at Function.process_params (F:\www\Jack\fruit\api\node_modules\express\lib\router\index.js:335:12)
    at next (F:\www\Jack\fruit\api\node_modules\express\lib\router\index.js:275:10)
    at urlencodedParser (F:\www\Jack\fruit\api\node_modules\body-parser\lib\types\urlencoded.js:82:7)
    at Layer.handle [as handle_request] (F:\www\Jack\fruit\api\node_modules\express\lib\router\layer.js:95:5)
------------------------------------------------
Date: 10-May-2021:00:54:38 GMT-0300
Error: Error: TOKEN_NOT_FOUND at Error: TOKEN_NOT_FOUND
    at DbAuthenticationToken.auth (F:\www\Jack\fruit\api\src\data\usecases\db-authentication-token.ts:15:13)
    at AuthMiddleware.handle (F:\www\Jack\fruit\api\src\presentation\middleware\auth-middleware.ts:13:51)
    at F:\www\Jack\fruit\api\src\main\adapters\adaptMiddleware.ts:11:43
    at Layer.handle [as handle_request] (F:\www\Jack\fruit\api\node_modules\express\lib\router\layer.js:95:5)
    at trim_prefix (F:\www\Jack\fruit\api\node_modules\express\lib\router\index.js:317:13)
    at F:\www\Jack\fruit\api\node_modules\express\lib\router\index.js:284:7
    at Function.process_params (F:\www\Jack\fruit\api\node_modules\express\lib\router\index.js:335:12)
    at next (F:\www\Jack\fruit\api\node_modules\express\lib\router\index.js:275:10)
    at urlencodedParser (F:\www\Jack\fruit\api\node_modules\body-parser\lib\types\urlencoded.js:82:7)
    at Layer.handle [as handle_request] (F:\www\Jack\fruit\api\node_modules\express\lib\router\layer.js:95:5)
------------------------------------------------
Date: 10-May-2021:00:55:09 GMT-0300
Error: Error: TOKEN_NOT_FOUND at Error: TOKEN_NOT_FOUND
    at DbAuthenticationToken.auth (F:\www\Jack\fruit\api\src\data\usecases\db-authentication-token.ts:15:13)
    at AuthMiddleware.handle (F:\www\Jack\fruit\api\src\presentation\middleware\auth-middleware.ts:13:51)
    at F:\www\Jack\fruit\api\src\main\adapters\adaptMiddleware.ts:11:43
    at Layer.handle [as handle_request] (F:\www\Jack\fruit\api\node_modules\express\lib\router\layer.js:95:5)
    at trim_prefix (F:\www\Jack\fruit\api\node_modules\express\lib\router\index.js:317:13)
    at F:\www\Jack\fruit\api\node_modules\express\lib\router\index.js:284:7
    at Function.process_params (F:\www\Jack\fruit\api\node_modules\express\lib\router\index.js:335:12)
    at next (F:\www\Jack\fruit\api\node_modules\express\lib\router\index.js:275:10)
    at urlencodedParser (F:\www\Jack\fruit\api\node_modules\body-parser\lib\types\urlencoded.js:82:7)
    at Layer.handle [as handle_request] (F:\www\Jack\fruit\api\node_modules\express\lib\router\layer.js:95:5)
------------------------------------------------
Date: 10-May-2021:01:03:44 GMT-0300
Error: Error: TOKEN_NOT_FOUND at Error: TOKEN_NOT_FOUND
    at DbAuthenticationToken.auth (F:\www\Jack\fruit\api\src\data\usecases\db-authentication-token.ts:15:13)
    at AuthMiddleware.handle (F:\www\Jack\fruit\api\src\presentation\middleware\auth-middleware.ts:13:51)
    at F:\www\Jack\fruit\api\src\main\adapters\adaptMiddleware.ts:11:43
    at Layer.handle [as handle_request] (F:\www\Jack\fruit\api\node_modules\express\lib\router\layer.js:95:5)
    at trim_prefix (F:\www\Jack\fruit\api\node_modules\express\lib\router\index.js:317:13)
    at F:\www\Jack\fruit\api\node_modules\express\lib\router\index.js:284:7
    at Function.process_params (F:\www\Jack\fruit\api\node_modules\express\lib\router\index.js:335:12)
    at next (F:\www\Jack\fruit\api\node_modules\express\lib\router\index.js:275:10)
    at urlencodedParser (F:\www\Jack\fruit\api\node_modules\body-parser\lib\types\urlencoded.js:82:7)
    at Layer.handle [as handle_request] (F:\www\Jack\fruit\api\node_modules\express\lib\router\layer.js:95:5)
------------------------------------------------
Date: 10-May-2021:01:07:00 GMT-0300
Error: Error: TOKEN_NOT_FOUND at Error: TOKEN_NOT_FOUND
    at DbAuthenticationToken.auth (F:\www\Jack\fruit\api\src\data\usecases\db-authentication-token.ts:15:13)
    at AuthMiddleware.handle (F:\www\Jack\fruit\api\src\presentation\middleware\auth-middleware.ts:13:51)
    at F:\www\Jack\fruit\api\src\main\adapters\adaptMiddleware.ts:11:43
    at Layer.handle [as handle_request] (F:\www\Jack\fruit\api\node_modules\express\lib\router\layer.js:95:5)
    at trim_prefix (F:\www\Jack\fruit\api\node_modules\express\lib\router\index.js:317:13)
    at F:\www\Jack\fruit\api\node_modules\express\lib\router\index.js:284:7
    at Function.process_params (F:\www\Jack\fruit\api\node_modules\express\lib\router\index.js:335:12)
    at next (F:\www\Jack\fruit\api\node_modules\express\lib\router\index.js:275:10)
    at urlencodedParser (F:\www\Jack\fruit\api\node_modules\body-parser\lib\types\urlencoded.js:82:7)
    at Layer.handle [as handle_request] (F:\www\Jack\fruit\api\node_modules\express\lib\router\layer.js:95:5)
------------------------------------------------
Date: 10-May-2021:01:07:55 GMT-0300
Error: Error: TOKEN_NOT_FOUND at Error: TOKEN_NOT_FOUND
    at DbAuthenticationToken.auth (F:\www\Jack\fruit\api\src\data\usecases\db-authentication-token.ts:15:13)
    at AuthMiddleware.handle (F:\www\Jack\fruit\api\src\presentation\middleware\auth-middleware.ts:13:51)
    at F:\www\Jack\fruit\api\src\main\adapters\adaptMiddleware.ts:11:43
    at Layer.handle [as handle_request] (F:\www\Jack\fruit\api\node_modules\express\lib\router\layer.js:95:5)
    at trim_prefix (F:\www\Jack\fruit\api\node_modules\express\lib\router\index.js:317:13)
    at F:\www\Jack\fruit\api\node_modules\express\lib\router\index.js:284:7
    at Function.process_params (F:\www\Jack\fruit\api\node_modules\express\lib\router\index.js:335:12)
    at next (F:\www\Jack\fruit\api\node_modules\express\lib\router\index.js:275:10)
    at urlencodedParser (F:\www\Jack\fruit\api\node_modules\body-parser\lib\types\urlencoded.js:82:7)
    at Layer.handle [as handle_request] (F:\www\Jack\fruit\api\node_modules\express\lib\router\layer.js:95:5)
------------------------------------------------
Date: 10-May-2021:01:08:56 GMT-0300
Error: Error: TOKEN_NOT_FOUND at Error: TOKEN_NOT_FOUND
    at DbAuthenticationToken.auth (F:\www\Jack\fruit\api\src\data\usecases\db-authentication-token.ts:15:13)
    at AuthMiddleware.handle (F:\www\Jack\fruit\api\src\presentation\middleware\auth-middleware.ts:13:51)
    at F:\www\Jack\fruit\api\src\main\adapters\adaptMiddleware.ts:11:43
    at Layer.handle [as handle_request] (F:\www\Jack\fruit\api\node_modules\express\lib\router\layer.js:95:5)
    at trim_prefix (F:\www\Jack\fruit\api\node_modules\express\lib\router\index.js:317:13)
    at F:\www\Jack\fruit\api\node_modules\express\lib\router\index.js:284:7
    at Function.process_params (F:\www\Jack\fruit\api\node_modules\express\lib\router\index.js:335:12)
    at next (F:\www\Jack\fruit\api\node_modules\express\lib\router\index.js:275:10)
    at urlencodedParser (F:\www\Jack\fruit\api\node_modules\body-parser\lib\types\urlencoded.js:82:7)
    at Layer.handle [as handle_request] (F:\www\Jack\fruit\api\node_modules\express\lib\router\layer.js:95:5)
------------------------------------------------
Date: 10-May-2021:01:09:13 GMT-0300
Error: Error: TOKEN_NOT_FOUND at Error: TOKEN_NOT_FOUND
    at DbAuthenticationToken.auth (F:\www\Jack\fruit\api\src\data\usecases\db-authentication-token.ts:15:13)
    at AuthMiddleware.handle (F:\www\Jack\fruit\api\src\presentation\middleware\auth-middleware.ts:13:51)
    at F:\www\Jack\fruit\api\src\main\adapters\adaptMiddleware.ts:11:43
    at Layer.handle [as handle_request] (F:\www\Jack\fruit\api\node_modules\express\lib\router\layer.js:95:5)
    at trim_prefix (F:\www\Jack\fruit\api\node_modules\express\lib\router\index.js:317:13)
    at F:\www\Jack\fruit\api\node_modules\express\lib\router\index.js:284:7
    at Function.process_params (F:\www\Jack\fruit\api\node_modules\express\lib\router\index.js:335:12)
    at next (F:\www\Jack\fruit\api\node_modules\express\lib\router\index.js:275:10)
    at urlencodedParser (F:\www\Jack\fruit\api\node_modules\body-parser\lib\types\urlencoded.js:82:7)
    at Layer.handle [as handle_request] (F:\www\Jack\fruit\api\node_modules\express\lib\router\layer.js:95:5)
